#
# There is insufficient memory for the Java Runtime Environment to continue.
# Native memory allocation (mmap) failed to map 123731968 bytes for G1 virtual space
# Possible reasons:
#   The system is out of physical RAM or swap space
#   The process is running with CompressedOops enabled, and the Java Heap may be blocking the growth of the native heap
# Possible solutions:
#   Reduce memory load on the system
#   Increase physical memory or swap space
#   Check if swap backing store is full
#   Decrease Java heap size (-Xmx/-Xms)
#   Decrease number of Java threads
#   Decrease Java thread stack sizes (-Xss)
#   Set larger code cache with -XX:ReservedCodeCacheSize=
#   JVM is running with Unscaled Compressed Oops mode in which the Java heap is
#     placed in the first 4GB address space. The Java Heap base address is the
#     maximum limit for the native heap growth. Please use -XX:HeapBaseMinAddress
#     to set the Java Heap base and to place the Java Heap above 4GB virtual address.
# This output file may be truncated or incomplete.
#
#  Out of Memory Error (os_windows.cpp:3600), pid=14844, tid=1748
#
# JRE version:  (21.0.2+13) (build )
# Java VM: Java HotSpot(TM) 64-Bit Server VM (21.0.2+13-LTS-58, mixed mode, sharing, tiered, compressed oops, compressed class ptrs, g1 gc, windows-amd64)
# No core dump will be written. Minidumps are not enabled by default on client versions of Windows
#

---------------  S U M M A R Y ------------

Command Line: -Dfile.encoding=UTF-8 -Ddb2.jcc.charsetDecoderEncoder=3 com.ibm.db2.server.DssLauncher 3000 off c:\Users\admin\AppData\Roaming\Code\logs\20250428T185201\window1\exthost\IBM.db2forzosdeveloperextension -Xmx256M

Host: AMD Ryzen 5 5500U with Radeon Graphics         , 12 cores, 7G,  Windows 11 , 64 bit Build 22621 (10.0.22621.5262)
Time: Mon Apr 28 18:52:58 2025 E. Africa Standard Time elapsed time: 0.127882 seconds (0d 0h 0m 0s)

---------------  T H R E A D  ---------------

Current thread (0x000001e69846cde0):  JavaThread "Unknown thread" [_thread_in_vm, id=1748, stack(0x000000061c800000,0x000000061c900000) (1024K)]

Stack: [0x000000061c800000,0x000000061c900000]
Native frames: (J=compiled Java code, j=interpreted, Vv=VM code, C=native code)
V  [jvm.dll+0x6cade9]
V  [jvm.dll+0x8569c1]
V  [jvm.dll+0x858d2e]
V  [jvm.dll+0x859413]
V  [jvm.dll+0x280e56]
V  [jvm.dll+0x6c74d5]
V  [jvm.dll+0x6bbeca]
V  [jvm.dll+0x355bca]
V  [jvm.dll+0x35d816]
V  [jvm.dll+0x3ae67e]
V  [jvm.dll+0x3ae928]
V  [jvm.dll+0x3295dc]
V  [jvm.dll+0x32a16b]
V  [jvm.dll+0x81efa9]
V  [jvm.dll+0x3bba01]
V  [jvm.dll+0x807928]
V  [jvm.dll+0x44f50e]
V  [jvm.dll+0x450e11]
C  [jli.dll+0x52a3]
C  [ucrtbase.dll+0x29333]
C  [KERNEL32.DLL+0x1259d]
C  [ntdll.dll+0x5af58]


---------------  P R O C E S S  ---------------

Threads class SMR info:
_java_thread_list=0x00007ffa3054bb88, length=0, elements={
}

Java Threads: ( => current thread )
Total: 0

Other Threads:
  0x000001e69a6da480 WorkerThread "GC Thread#0"                     [id=4380, stack(0x000000061c900000,0x000000061ca00000) (1024K)]
  0x000001e69a6eb780 ConcurrentGCThread "G1 Main Marker"            [id=15888, stack(0x000000061ca00000,0x000000061cb00000) (1024K)]
  0x000001e69a6ec280 WorkerThread "G1 Conc#0"                       [id=20436, stack(0x000000061cb00000,0x000000061cc00000) (1024K)]

[error occurred during error reporting (printing all threads), id 0xc0000005, EXCEPTION_ACCESS_VIOLATION (0xc0000005) at pc=0x00007ffa2fcbc6a7]
VM state: not at safepoint (not fully initialized)

VM Mutex/Monitor currently owned by a thread:  ([mutex/lock_event])
[0x00007ffa305bce68] Heap_lock - owner thread: 0x000001e69846cde0

Heap address: 0x000000008a800000, size: 1880 MB, Compressed Oops mode: 32-bit

CDS archive(s) mapped at: [0x0000000000000000-0x0000000000000000-0x0000000000000000), size 0, SharedBaseAddress: 0x0000000800000000, ArchiveRelocationMode: 1.
Narrow klass base: 0x0000000000000000, Narrow klass shift: 0, Narrow klass range: 0x0

GC Precious Log:
 CardTable entry size: 512
 Card Set container configuration: InlinePtr #cards 5 size 8 Array Of Cards #cards 12 size 40 Howl #buckets 4 coarsen threshold 1843 Howl Bitmap #cards 512 size 80 coarsen threshold 460 Card regions per heap region 1 cards per card region 2048

Heap:
 garbage-first heap   total 0K, used 0K [0x000000008a800000, 0x0000000100000000)
  region size 1024K, 0 young (0K), 0 survivors (0K)

[error occurred during error reporting (printing heap information), id 0xc0000005, EXCEPTION_ACCESS_VIOLATION (0xc0000005) at pc=0x00007ffa300a39f9]
GC Heap History (0 events):
No events

Dll operation events (1 events):
Event: 0.074 Loaded shared library C:\Program Files\Java\jdk-21\bin\java.dll

Deoptimization events (0 events):
No events

Classes loaded (0 events):
No events

Classes unloaded (0 events):
No events

Classes redefined (0 events):
No events

Internal exceptions (0 events):
No events

ZGC Phase Switch (0 events):
No events

VM Operations (0 events):
No events

Events (0 events):
No events


Dynamic libraries:
0x00007ff7d78e0000 - 0x00007ff7d78f0000 	C:\Program Files\Java\jdk-21\bin\java.exe
0x00007ffad5d90000 - 0x00007ffad5fa7000 	C:\WINDOWS\SYSTEM32\ntdll.dll
0x00007ffad4be0000 - 0x00007ffad4ca4000 	C:\WINDOWS\System32\KERNEL32.DLL
0x00007ffad31a0000 - 0x00007ffad3573000 	C:\WINDOWS\System32\KERNELBASE.dll
0x00007ffad3620000 - 0x00007ffad3731000 	C:\WINDOWS\System32\ucrtbase.dll
0x00007ffab40c0000 - 0x00007ffab40d9000 	C:\Program Files\Java\jdk-21\bin\jli.dll
0x00007ffaaf6f0000 - 0x00007ffaaf70b000 	C:\Program Files\Java\jdk-21\bin\VCRUNTIME140.dll
0x00007ffad3f50000 - 0x00007ffad4001000 	C:\WINDOWS\System32\ADVAPI32.dll
0x00007ffad4090000 - 0x00007ffad4137000 	C:\WINDOWS\System32\msvcrt.dll
0x00007ffad4b00000 - 0x00007ffad4ba7000 	C:\WINDOWS\System32\sechost.dll
0x00007ffad3000000 - 0x00007ffad3028000 	C:\WINDOWS\System32\bcrypt.dll
0x00007ffad49e0000 - 0x00007ffad4af4000 	C:\WINDOWS\System32\RPCRT4.dll
0x00007ffad50d0000 - 0x00007ffad5281000 	C:\WINDOWS\System32\USER32.dll
0x00007ffad2e90000 - 0x00007ffad2eb6000 	C:\WINDOWS\System32\win32u.dll
0x00007ffad4bb0000 - 0x00007ffad4bd9000 	C:\WINDOWS\System32\GDI32.dll
0x00007ffad3740000 - 0x00007ffad3862000 	C:\WINDOWS\System32\gdi32full.dll
0x00007ffad3580000 - 0x00007ffad361a000 	C:\WINDOWS\System32\msvcp_win.dll
0x00007ffac3f80000 - 0x00007ffac421b000 	C:\WINDOWS\WinSxS\amd64_microsoft.windows.common-controls_6595b64144ccf1df_6.0.22621.5262_none_2712bde373830908\COMCTL32.dll
0x00007ffac9af0000 - 0x00007ffac9afa000 	C:\WINDOWS\SYSTEM32\VERSION.dll
0x00007ffad3f10000 - 0x00007ffad3f41000 	C:\WINDOWS\System32\IMM32.DLL
0x00007fface550000 - 0x00007fface55c000 	C:\Program Files\Java\jdk-21\bin\vcruntime140_1.dll
0x00007ffa78180000 - 0x00007ffa7820e000 	C:\Program Files\Java\jdk-21\bin\msvcp140.dll
0x00007ffa2f980000 - 0x00007ffa30697000 	C:\Program Files\Java\jdk-21\bin\server\jvm.dll
0x00007ffad3d30000 - 0x00007ffad3da1000 	C:\WINDOWS\System32\WS2_32.dll
0x00007ffad2760000 - 0x00007ffad27ad000 	C:\WINDOWS\SYSTEM32\POWRPROF.dll
0x00007ffacf970000 - 0x00007ffacf9a4000 	C:\WINDOWS\SYSTEM32\WINMM.dll
0x00007ffad2740000 - 0x00007ffad2753000 	C:\WINDOWS\SYSTEM32\UMPDC.dll
0x00007ffad1eb0000 - 0x00007ffad1ec8000 	C:\WINDOWS\SYSTEM32\kernel.appcore.dll
0x00007ffaccae0000 - 0x00007ffaccaea000 	C:\Program Files\Java\jdk-21\bin\jimage.dll
0x00007ffacfdf0000 - 0x00007ffad0022000 	C:\WINDOWS\SYSTEM32\DBGHELP.DLL
0x00007ffad5290000 - 0x00007ffad5623000 	C:\WINDOWS\System32\combase.dll
0x00007ffad4dc0000 - 0x00007ffad4e97000 	C:\WINDOWS\System32\OLEAUT32.dll
0x00007ffacf930000 - 0x00007ffacf962000 	C:\WINDOWS\SYSTEM32\dbgcore.DLL
0x00007ffad2f80000 - 0x00007ffad2ffb000 	C:\WINDOWS\System32\bcryptPrimitives.dll
0x00007ffaad390000 - 0x00007ffaad3af000 	C:\Program Files\Java\jdk-21\bin\java.dll

dbghelp: loaded successfully - version: 4.0.5 - missing functions: none
symbol engine: initialized successfully - sym options: 0x614 - pdb path: .;C:\Program Files\Java\jdk-21\bin;C:\WINDOWS\SYSTEM32;C:\WINDOWS\WinSxS\amd64_microsoft.windows.common-controls_6595b64144ccf1df_6.0.22621.5262_none_2712bde373830908;C:\Program Files\Java\jdk-21\bin\server

VM Arguments:
jvm_args: -Dfile.encoding=UTF-8 -Ddb2.jcc.charsetDecoderEncoder=3 
java_command: com.ibm.db2.server.DssLauncher 3000 off c:\Users\admin\AppData\Roaming\Code\logs\20250428T185201\window1\exthost\IBM.db2forzosdeveloperextension -Xmx256M
java_class_path (initial): c:\Users\admin\.vscode\extensions\ibm.db2forzosdeveloperextension-2.2.1\dist\dss-dist-2.2.1.jar;;c:\Users\admin\.vscode\extensions\ibm.db2forzosdeveloperextension-2.2.1\lib\db2jcc4.jar;c:\Users\admin\.vscode\extensions\ibm.db2forzosdeveloperextension-2.2.1\lib\sqlj4.zip
Launcher Type: SUN_STANDARD

[Global flags]
     intx CICompilerCount                          = 4                                         {product} {ergonomic}
     uint ConcGCThreads                            = 3                                         {product} {ergonomic}
     uint G1ConcRefinementThreads                  = 10                                        {product} {ergonomic}
   size_t G1HeapRegionSize                         = 1048576                                   {product} {ergonomic}
    uintx GCDrainStackTargetSize                   = 64                                        {product} {ergonomic}
   size_t InitialHeapSize                          = 123731968                                 {product} {ergonomic}
   size_t MarkStackSize                            = 4194304                                   {product} {ergonomic}
   size_t MaxHeapSize                              = 1971322880                                {product} {ergonomic}
   size_t MinHeapDeltaBytes                        = 1048576                                   {product} {ergonomic}
   size_t MinHeapSize                              = 8388608                                   {product} {ergonomic}
    uintx NonNMethodCodeHeapSize                   = 5839372                                {pd product} {ergonomic}
    uintx NonProfiledCodeHeapSize                  = 122909434                              {pd product} {ergonomic}
    uintx ProfiledCodeHeapSize                     = 122909434                              {pd product} {ergonomic}
    uintx ReservedCodeCacheSize                    = 251658240                              {pd product} {ergonomic}
     bool SegmentedCodeCache                       = true                                      {product} {ergonomic}
   size_t SoftMaxHeapSize                          = 1971322880                             {manageable} {ergonomic}
     bool UseCompressedOops                        = true                           {product lp64_product} {ergonomic}
     bool UseG1GC                                  = true                                      {product} {ergonomic}
     bool UseLargePagesIndividualAllocation        = false                                  {pd product} {ergonomic}

Logging:
Log output configuration:
 #0: stdout all=warning uptime,level,tags foldmultilines=false
 #1: stderr all=off uptime,level,tags foldmultilines=false

Environment Variables:
PATH=C:\Python313\Scripts\;C:\Python313\;C:\Program Files (x86)\Embarcadero\Studio\22.0\bin;C:\Users\Public\Documents\Embarcadero\Studio\22.0\Bpl;C:\Program Files (x86)\Embarcadero\Studio\22.0\bin64;C:\Users\Public\Documents\Embarcadero\Studio\22.0\Bpl\Win64;C:\Program Files\Common Files\Oracle\Java\javapath;C:\Program Files (x86)\Common Files\Oracle\Java\java8path;C:\Program Files (x86)\Common Files\Oracle\Java\javapath;C:\Program Files (x86)\Embarcadero\Studio\23.0\bin;C:\Users\Public\Documents\Embarcadero\Studio\23.0\Bpl;C:\Program Files (x86)\Embarcadero\Studio\23.0\bin64;C:\Users\Public\Documents\Embarcadero\Studio\23.0\Bpl\Win64;C:\Python311\Scripts\;C:\Python311\;"C:\xampp\php;C:\app\db_home\bin";C:\Windows\system32;C:\Windows;C:\Windows\System32\Wbem;C:\Windows\System32\WindowsPowerShell\v1.0\;C:\Windows\System32\OpenSSH\;C:\Program Files\dotnet\;C:\Program Files\Java\jdk-17.0.3\bin;C:\MinGW\bin;C:\WINDOWS\system32;C:\WINDOWS;C:\WINDOWS\System32\Wbem;C:\WINDOWS\System32\WindowsPowerShell\v1.0\;C:\ProgramData\chocolatey\bin;C:\Program Files\Git\cmd;C:\xampp\php;C:\Program Files\MySQL\MySQL Utilities 1.6\;C:\Program Files (x86)\Microsoft SQL Server\160\Tools\Binn\;C:\Program Files\Microsoft SQL Server\160\Tools\Binn\;C:\Program Files\Microsoft SQL Server\Client SDK\ODBC\170\Tools\Binn\;C:\Program Files\Microsoft SQL Server\160\DTS\Binn\;C:\metasploit-framework\bin\;C:\Users\cosym\AppData\Roaming\npm-cache;C:\WINDOWS\System32\OpenSSH\;C:\Users\cosym\AppData\Local\nvm;C:\nvm4w\nodejs;C:\Python311\;C:\Python311\Scripts\;C:\Program Files\MongoDB\Server\8.0\bin;C:\Program Files\MongoDB\Server\8.0\bin\tools\bin;C:\Program Files\nodejs\;C:\composer;C:\wamp64\bin\php\php8.3.14;C:\Users\admin\AppData\Local\Microsoft\WindowsApps;C:\Program Files\Microsoft VS Code\bin;C:\Users\admin\AppData\Roaming\npm;C:\Users\admin\AppData\Local\Programs\cursor\resources\app\bin;C:\Users\admin\AppData\Roaming\Composer\vendor\bin;C:\Program Files\New Relic\New Relic CLI\
USERNAME=admin
OS=Windows_NT
PROCESSOR_IDENTIFIER=AMD64 Family 23 Model 104 Stepping 1, AuthenticAMD
TMP=C:\Users\admin\AppData\Local\Temp
TEMP=C:\Users\admin\AppData\Local\Temp




Periodic native trim disabled

---------------  S Y S T E M  ---------------

OS:
 Windows 11 , 64 bit Build 22621 (10.0.22621.5262)
OS uptime: 4 days 0:15 hours
Hyper-V role detected

CPU: total 12 (initial active 12) (12 cores per cpu, 2 threads per core) family 23 model 104 stepping 1 microcode 0x0, cx8, cmov, fxsr, ht, mmx, 3dnowpref, sse, sse2, sse3, ssse3, sse4a, sse4.1, sse4.2, popcnt, lzcnt, tsc, tscinvbit, avx, avx2, aes, clmul, bmi1, bmi2, adx, sha, fma, vzeroupper, clflush, clflushopt, hv, rdtscp, rdpid, f16c
Processor Information for all 12 processors :
  Max Mhz: 2100, Current Mhz: 2100, Mhz Limit: 2100

Memory: 4k page, system-wide physical 7514M (231M free)
TotalPageFile size 19514M (AvailPageFile size 111M)
current process WorkingSet (physical memory assigned to process): 11M, peak: 11M
current process commit charge ("private bytes"): 64M, peak: 182M

vm_info: Java HotSpot(TM) 64-Bit Server VM (21.0.2+13-LTS-58) for windows-amd64 JRE (21.0.2+13-LTS-58), built on 2024-01-05T18:32:24Z by "mach5one" with MS VC++ 17.1 (VS2022)

END.
